CREATE EXTENSION aqo;
SET aqo.mode = 'learn';
SET aqo.show_details = true;
CREATE TABLE t(x int);
INSERT INTO t (x) (SELECT * FROM generate_series(1, 100) AS gs);
ANALYZE t;
EXPLAIN (ANALYZE, COSTS OFF, TIMING OFF, SUMMARY OFF)
	SELECT x FROM t;
               QUERY PLAN                
-----------------------------------------
 Seq Scan on t (actual rows=100 loops=1)
   AQO not used
 Using aqo: true
 AQO mode: LEARN
 JOINS: 0
(5 rows)

EXPLAIN (ANALYZE, COSTS OFF, TIMING OFF, SUMMARY OFF)
	SELECT x FROM t;
               QUERY PLAN                
-----------------------------------------
 Seq Scan on t (actual rows=100 loops=1)
   AQO: rows=100, error=0%
 Using aqo: true
 AQO mode: LEARN
 JOINS: 0
(5 rows)

-- Check existence of the interface functions.
SELECT obj_description('public.show_cardinality_errors'::regproc::oid);
                                                obj_description                                                
---------------------------------------------------------------------------------------------------------------
 Get cardinality error of queries the last time they were executed. Order queries according to an error value.
(1 row)

DROP EXTENSION aqo;
